Command line:
   datapath_isim_beh.exe
     -simmode  gui
     -simrunnum  0
     -socket  58520

Thu Oct 22 16:40:32 2015


 Elaboration Time: 0.078125 sec

 Current Memory Usage: 841.847 Meg

 Total Signals          : 442
 Total Nets             : 2104
 Total Signal Drivers   : 126
 Total Blocks           : 136
 Total Primitive Blocks : 66
 Total Processes        : 126
 Total Traceable Variables  : 211
 Total Scalar Nets and Variables : 4326
Total Line Count : 304

 Total Simulation Time: 0.140625 sec

 Current Memory Usage: 841.847 Meg

Thu Oct 22 16:40:39 2015

