ISim log file
Running: C:\Users\Augusto\Documents\GitHub\Mips_pipeline\MipsPipeline\CPU_tb_isim_beh.exe -intstyle ise -gui -tclbatch isim.cmd -wdb C:/Users/Augusto/Documents/GitHub/Mips_pipeline/MipsPipeline/CPU_tb_isim_beh.wdb 
ISim P.20131013 (signature 0x7708f090)
WARNING: A WEBPACK license was found.
WARNING: Please use Xilinx License Configuration Manager to check out a full ISim license.
WARNING: ISim will run in Lite mode. Please refer to the ISim documentation for more information on the differences between the Lite and the Full version.
This is a Lite version of ISim.
Time resolution is 1 ps
# onerror resume
# wave add /
# run 1000 ns
Simulator is doing circuit initialization process.
at 0 ps, Instance /cpu_tb/cpu/dp/ : Warning: There is an 'U'|'X'|'W'|'Z'|'-' in an arithmetic operand, the result will be 'X'(es).
at 0 ps, Instance /cpu_tb/cpu/dp/REGS/ : Warning: CONV_INTEGER: There is an 'U'|'X'|'W'|'Z'|'-' in an arithmetic operand, and it has been converted to 0.
Finished circuit initialization process.
at 0 ps, Instance /cpu_tb/cpu/dp/REGS/ : Warning: CONV_INTEGER: There is an 'U'|'X'|'W'|'Z'|'-' in an arithmetic operand, and it has been converted to 0.
at 0 ps: Error: ******************* INVALID INSTRUCTION *************
at 0 ps, Instance /cpu_tb/cpu/dp/REGS/ : Warning: CONV_INTEGER: There is an 'U'|'X'|'W'|'Z'|'-' in an arithmetic operand, and it has been converted to 0.
# restart
# run 4000 ns
Simulator is doing circuit initialization process.
at 0 ps, Instance /cpu_tb/cpu/dp/REGS/ : Warning: CONV_INTEGER: There is an 'U'|'X'|'W'|'Z'|'-' in an arithmetic operand, and it has been converted to 0.
Finished circuit initialization process.
at 0 ps, Instance /cpu_tb/cpu/dp/REGS/ : Warning: CONV_INTEGER: There is an 'U'|'X'|'W'|'Z'|'-' in an arithmetic operand, and it has been converted to 0.
at 0 ps: Error: ******************* INVALID INSTRUCTION *************
at 0 ps, Instance /cpu_tb/cpu/dp/REGS/ : Warning: CONV_INTEGER: There is an 'U'|'X'|'W'|'Z'|'-' in an arithmetic operand, and it has been converted to 0.
at 2760 ns(2), Instance /cpu_tb/cpu/dp/REGS/ : Warning: CONV_INTEGER: There is an 'U'|'X'|'W'|'Z'|'-' in an arithmetic operand, and it has been converted to 0.
at 2760 ns(3), Instance /cpu_tb/cpu/dp/REGS/ : Warning: CONV_INTEGER: There is an 'U'|'X'|'W'|'Z'|'-' in an arithmetic operand, and it has been converted to 0.
at 2760 ns(4): Error: ******************* INVALID INSTRUCTION *************
at 2860 ns(2), Instance /cpu_tb/cpu/dp/REGS/ : Warning: CONV_INTEGER: There is an 'U'|'X'|'W'|'Z'|'-' in an arithmetic operand, and it has been converted to 0.
at 2860 ns(3), Instance /cpu_tb/cpu/dp/REGS/ : Warning: CONV_INTEGER: There is an 'U'|'X'|'W'|'Z'|'-' in an arithmetic operand, and it has been converted to 0.
at 2860 ns(4): Error: ******************* INVALID INSTRUCTION *************
at 2960 ns(2), Instance /cpu_tb/cpu/dp/REGS/ : Warning: CONV_INTEGER: There is an 'U'|'X'|'W'|'Z'|'-' in an arithmetic operand, and it has been converted to 0.
at 2960 ns(3), Instance /cpu_tb/cpu/dp/REGS/ : Warning: CONV_INTEGER: There is an 'U'|'X'|'W'|'Z'|'-' in an arithmetic operand, and it has been converted to 0.
at 2960 ns(4): Error: ******************* INVALID INSTRUCTION *************
at 3060 ns(2), Instance /cpu_tb/cpu/dp/REGS/ : Warning: CONV_INTEGER: There is an 'U'|'X'|'W'|'Z'|'-' in an arithmetic operand, and it has been converted to 0.
at 3060 ns(3), Instance /cpu_tb/cpu/dp/REGS/ : Warning: CONV_INTEGER: There is an 'U'|'X'|'W'|'Z'|'-' in an arithmetic operand, and it has been converted to 0.
at 3060 ns(4): Error: ******************* INVALID INSTRUCTION *************
at 3160 ns(2), Instance /cpu_tb/cpu/dp/REGS/ : Warning: CONV_INTEGER: There is an 'U'|'X'|'W'|'Z'|'-' in an arithmetic operand, and it has been converted to 0.
at 3160 ns(3), Instance /cpu_tb/cpu/dp/REGS/ : Warning: CONV_INTEGER: There is an 'U'|'X'|'W'|'Z'|'-' in an arithmetic operand, and it has been converted to 0.
at 3160 ns(4): Error: ******************* INVALID INSTRUCTION *************
at 3260 ns(2), Instance /cpu_tb/cpu/dp/REGS/ : Warning: CONV_INTEGER: There is an 'U'|'X'|'W'|'Z'|'-' in an arithmetic operand, and it has been converted to 0.
at 3260 ns(3), Instance /cpu_tb/cpu/dp/REGS/ : Warning: CONV_INTEGER: There is an 'U'|'X'|'W'|'Z'|'-' in an arithmetic operand, and it has been converted to 0.
at 3260 ns(4): Error: ******************* INVALID INSTRUCTION *************
at 3360 ns(2), Instance /cpu_tb/cpu/dp/REGS/ : Warning: CONV_INTEGER: There is an 'U'|'X'|'W'|'Z'|'-' in an arithmetic operand, and it has been converted to 0.
at 3360 ns(3), Instance /cpu_tb/cpu/dp/REGS/ : Warning: CONV_INTEGER: There is an 'U'|'X'|'W'|'Z'|'-' in an arithmetic operand, and it has been converted to 0.
at 3360 ns(4): Error: ******************* INVALID INSTRUCTION *************
at 3460 ns(2), Instance /cpu_tb/cpu/dp/REGS/ : Warning: CONV_INTEGER: There is an 'U'|'X'|'W'|'Z'|'-' in an arithmetic operand, and it has been converted to 0.
at 3460 ns(3), Instance /cpu_tb/cpu/dp/REGS/ : Warning: CONV_INTEGER: There is an 'U'|'X'|'W'|'Z'|'-' in an arithmetic operand, and it has been converted to 0.
at 3460 ns(4): Error: ******************* INVALID INSTRUCTION *************
at 3560 ns(2), Instance /cpu_tb/cpu/dp/REGS/ : Warning: CONV_INTEGER: There is an 'U'|'X'|'W'|'Z'|'-' in an arithmetic operand, and it has been converted to 0.
at 3560 ns(3), Instance /cpu_tb/cpu/dp/REGS/ : Warning: CONV_INTEGER: There is an 'U'|'X'|'W'|'Z'|'-' in an arithmetic operand, and it has been converted to 0.
at 3560 ns(4): Error: ******************* INVALID INSTRUCTION *************
at 3660 ns(2), Instance /cpu_tb/cpu/dp/REGS/ : Warning: CONV_INTEGER: There is an 'U'|'X'|'W'|'Z'|'-' in an arithmetic operand, and it has been converted to 0.
at 3660 ns(3), Instance /cpu_tb/cpu/dp/REGS/ : Warning: CONV_INTEGER: There is an 'U'|'X'|'W'|'Z'|'-' in an arithmetic operand, and it has been converted to 0.
at 3660 ns(4): Error: ******************* INVALID INSTRUCTION *************
at 3760 ns(2), Instance /cpu_tb/cpu/dp/REGS/ : Warning: CONV_INTEGER: There is an 'U'|'X'|'W'|'Z'|'-' in an arithmetic operand, and it has been converted to 0.
at 3760 ns(3), Instance /cpu_tb/cpu/dp/REGS/ : Warning: CONV_INTEGER: There is an 'U'|'X'|'W'|'Z'|'-' in an arithmetic operand, and it has been converted to 0.
at 3760 ns(4): Error: ******************* INVALID INSTRUCTION *************
at 3860 ns(2), Instance /cpu_tb/cpu/dp/REGS/ : Warning: CONV_INTEGER: There is an 'U'|'X'|'W'|'Z'|'-' in an arithmetic operand, and it has been converted to 0.
at 3860 ns(3), Instance /cpu_tb/cpu/dp/REGS/ : Warning: CONV_INTEGER: There is an 'U'|'X'|'W'|'Z'|'-' in an arithmetic operand, and it has been converted to 0.
at 3860 ns(4): Error: ******************* INVALID INSTRUCTION *************
at 3960 ns(2), Instance /cpu_tb/cpu/dp/REGS/ : Warning: CONV_INTEGER: There is an 'U'|'X'|'W'|'Z'|'-' in an arithmetic operand, and it has been converted to 0.
at 3960 ns(3), Instance /cpu_tb/cpu/dp/REGS/ : Warning: CONV_INTEGER: There is an 'U'|'X'|'W'|'Z'|'-' in an arithmetic operand, and it has been converted to 0.
at 3960 ns(4): Error: ******************* INVALID INSTRUCTION *************
# restart
# run 4000 ns
Simulator is doing circuit initialization process.
at 0 ps, Instance /cpu_tb/cpu/dp/REGS/ : Warning: CONV_INTEGER: There is an 'U'|'X'|'W'|'Z'|'-' in an arithmetic operand, and it has been converted to 0.
Finished circuit initialization process.
at 0 ps, Instance /cpu_tb/cpu/dp/REGS/ : Warning: CONV_INTEGER: There is an 'U'|'X'|'W'|'Z'|'-' in an arithmetic operand, and it has been converted to 0.
at 0 ps: Error: ******************* INVALID INSTRUCTION *************
at 0 ps, Instance /cpu_tb/cpu/dp/REGS/ : Warning: CONV_INTEGER: There is an 'U'|'X'|'W'|'Z'|'-' in an arithmetic operand, and it has been converted to 0.
at 2760 ns(2), Instance /cpu_tb/cpu/dp/REGS/ : Warning: CONV_INTEGER: There is an 'U'|'X'|'W'|'Z'|'-' in an arithmetic operand, and it has been converted to 0.
at 2760 ns(3), Instance /cpu_tb/cpu/dp/REGS/ : Warning: CONV_INTEGER: There is an 'U'|'X'|'W'|'Z'|'-' in an arithmetic operand, and it has been converted to 0.
at 2760 ns(4): Error: ******************* INVALID INSTRUCTION *************
at 2860 ns(2), Instance /cpu_tb/cpu/dp/REGS/ : Warning: CONV_INTEGER: There is an 'U'|'X'|'W'|'Z'|'-' in an arithmetic operand, and it has been converted to 0.
at 2860 ns(3), Instance /cpu_tb/cpu/dp/REGS/ : Warning: CONV_INTEGER: There is an 'U'|'X'|'W'|'Z'|'-' in an arithmetic operand, and it has been converted to 0.
at 2860 ns(4): Error: ******************* INVALID INSTRUCTION *************
at 2960 ns(2), Instance /cpu_tb/cpu/dp/REGS/ : Warning: CONV_INTEGER: There is an 'U'|'X'|'W'|'Z'|'-' in an arithmetic operand, and it has been converted to 0.
at 2960 ns(3), Instance /cpu_tb/cpu/dp/REGS/ : Warning: CONV_INTEGER: There is an 'U'|'X'|'W'|'Z'|'-' in an arithmetic operand, and it has been converted to 0.
at 2960 ns(4): Error: ******************* INVALID INSTRUCTION *************
at 3060 ns(2), Instance /cpu_tb/cpu/dp/REGS/ : Warning: CONV_INTEGER: There is an 'U'|'X'|'W'|'Z'|'-' in an arithmetic operand, and it has been converted to 0.
at 3060 ns(3), Instance /cpu_tb/cpu/dp/REGS/ : Warning: CONV_INTEGER: There is an 'U'|'X'|'W'|'Z'|'-' in an arithmetic operand, and it has been converted to 0.
at 3060 ns(4): Error: ******************* INVALID INSTRUCTION *************
at 3160 ns(2), Instance /cpu_tb/cpu/dp/REGS/ : Warning: CONV_INTEGER: There is an 'U'|'X'|'W'|'Z'|'-' in an arithmetic operand, and it has been converted to 0.
at 3160 ns(3), Instance /cpu_tb/cpu/dp/REGS/ : Warning: CONV_INTEGER: There is an 'U'|'X'|'W'|'Z'|'-' in an arithmetic operand, and it has been converted to 0.
at 3160 ns(4): Error: ******************* INVALID INSTRUCTION *************
at 3260 ns(2), Instance /cpu_tb/cpu/dp/REGS/ : Warning: CONV_INTEGER: There is an 'U'|'X'|'W'|'Z'|'-' in an arithmetic operand, and it has been converted to 0.
at 3260 ns(3), Instance /cpu_tb/cpu/dp/REGS/ : Warning: CONV_INTEGER: There is an 'U'|'X'|'W'|'Z'|'-' in an arithmetic operand, and it has been converted to 0.
at 3260 ns(4): Error: ******************* INVALID INSTRUCTION *************
at 3360 ns(2), Instance /cpu_tb/cpu/dp/REGS/ : Warning: CONV_INTEGER: There is an 'U'|'X'|'W'|'Z'|'-' in an arithmetic operand, and it has been converted to 0.
at 3360 ns(3), Instance /cpu_tb/cpu/dp/REGS/ : Warning: CONV_INTEGER: There is an 'U'|'X'|'W'|'Z'|'-' in an arithmetic operand, and it has been converted to 0.
at 3360 ns(4): Error: ******************* INVALID INSTRUCTION *************
at 3460 ns(2), Instance /cpu_tb/cpu/dp/REGS/ : Warning: CONV_INTEGER: There is an 'U'|'X'|'W'|'Z'|'-' in an arithmetic operand, and it has been converted to 0.
at 3460 ns(3), Instance /cpu_tb/cpu/dp/REGS/ : Warning: CONV_INTEGER: There is an 'U'|'X'|'W'|'Z'|'-' in an arithmetic operand, and it has been converted to 0.
at 3460 ns(4): Error: ******************* INVALID INSTRUCTION *************
at 3560 ns(2), Instance /cpu_tb/cpu/dp/REGS/ : Warning: CONV_INTEGER: There is an 'U'|'X'|'W'|'Z'|'-' in an arithmetic operand, and it has been converted to 0.
at 3560 ns(3), Instance /cpu_tb/cpu/dp/REGS/ : Warning: CONV_INTEGER: There is an 'U'|'X'|'W'|'Z'|'-' in an arithmetic operand, and it has been converted to 0.
at 3560 ns(4): Error: ******************* INVALID INSTRUCTION *************
at 3660 ns(2), Instance /cpu_tb/cpu/dp/REGS/ : Warning: CONV_INTEGER: There is an 'U'|'X'|'W'|'Z'|'-' in an arithmetic operand, and it has been converted to 0.
at 3660 ns(3), Instance /cpu_tb/cpu/dp/REGS/ : Warning: CONV_INTEGER: There is an 'U'|'X'|'W'|'Z'|'-' in an arithmetic operand, and it has been converted to 0.
at 3660 ns(4): Error: ******************* INVALID INSTRUCTION *************
at 3760 ns(2), Instance /cpu_tb/cpu/dp/REGS/ : Warning: CONV_INTEGER: There is an 'U'|'X'|'W'|'Z'|'-' in an arithmetic operand, and it has been converted to 0.
at 3760 ns(3), Instance /cpu_tb/cpu/dp/REGS/ : Warning: CONV_INTEGER: There is an 'U'|'X'|'W'|'Z'|'-' in an arithmetic operand, and it has been converted to 0.
at 3760 ns(4): Error: ******************* INVALID INSTRUCTION *************
at 3860 ns(2), Instance /cpu_tb/cpu/dp/REGS/ : Warning: CONV_INTEGER: There is an 'U'|'X'|'W'|'Z'|'-' in an arithmetic operand, and it has been converted to 0.
at 3860 ns(3), Instance /cpu_tb/cpu/dp/REGS/ : Warning: CONV_INTEGER: There is an 'U'|'X'|'W'|'Z'|'-' in an arithmetic operand, and it has been converted to 0.
at 3860 ns(4): Error: ******************* INVALID INSTRUCTION *************
at 3960 ns(2), Instance /cpu_tb/cpu/dp/REGS/ : Warning: CONV_INTEGER: There is an 'U'|'X'|'W'|'Z'|'-' in an arithmetic operand, and it has been converted to 0.
at 3960 ns(3), Instance /cpu_tb/cpu/dp/REGS/ : Warning: CONV_INTEGER: There is an 'U'|'X'|'W'|'Z'|'-' in an arithmetic operand, and it has been converted to 0.
at 3960 ns(4): Error: ******************* INVALID INSTRUCTION *************
# restart
# run 4000 ns
Simulator is doing circuit initialization process.
at 0 ps, Instance /cpu_tb/cpu/dp/REGS/ : Warning: CONV_INTEGER: There is an 'U'|'X'|'W'|'Z'|'-' in an arithmetic operand, and it has been converted to 0.
Finished circuit initialization process.
at 0 ps, Instance /cpu_tb/cpu/dp/REGS/ : Warning: CONV_INTEGER: There is an 'U'|'X'|'W'|'Z'|'-' in an arithmetic operand, and it has been converted to 0.
at 0 ps: Error: ******************* INVALID INSTRUCTION *************
at 0 ps, Instance /cpu_tb/cpu/dp/REGS/ : Warning: CONV_INTEGER: There is an 'U'|'X'|'W'|'Z'|'-' in an arithmetic operand, and it has been converted to 0.
at 2760 ns(2), Instance /cpu_tb/cpu/dp/REGS/ : Warning: CONV_INTEGER: There is an 'U'|'X'|'W'|'Z'|'-' in an arithmetic operand, and it has been converted to 0.
at 2760 ns(3), Instance /cpu_tb/cpu/dp/REGS/ : Warning: CONV_INTEGER: There is an 'U'|'X'|'W'|'Z'|'-' in an arithmetic operand, and it has been converted to 0.
at 2760 ns(4): Error: ******************* INVALID INSTRUCTION *************
at 2860 ns(2), Instance /cpu_tb/cpu/dp/REGS/ : Warning: CONV_INTEGER: There is an 'U'|'X'|'W'|'Z'|'-' in an arithmetic operand, and it has been converted to 0.
at 2860 ns(3), Instance /cpu_tb/cpu/dp/REGS/ : Warning: CONV_INTEGER: There is an 'U'|'X'|'W'|'Z'|'-' in an arithmetic operand, and it has been converted to 0.
at 2860 ns(4): Error: ******************* INVALID INSTRUCTION *************
at 2960 ns(2), Instance /cpu_tb/cpu/dp/REGS/ : Warning: CONV_INTEGER: There is an 'U'|'X'|'W'|'Z'|'-' in an arithmetic operand, and it has been converted to 0.
at 2960 ns(3), Instance /cpu_tb/cpu/dp/REGS/ : Warning: CONV_INTEGER: There is an 'U'|'X'|'W'|'Z'|'-' in an arithmetic operand, and it has been converted to 0.
at 2960 ns(4): Error: ******************* INVALID INSTRUCTION *************
at 3060 ns(2), Instance /cpu_tb/cpu/dp/REGS/ : Warning: CONV_INTEGER: There is an 'U'|'X'|'W'|'Z'|'-' in an arithmetic operand, and it has been converted to 0.
at 3060 ns(3), Instance /cpu_tb/cpu/dp/REGS/ : Warning: CONV_INTEGER: There is an 'U'|'X'|'W'|'Z'|'-' in an arithmetic operand, and it has been converted to 0.
at 3060 ns(4): Error: ******************* INVALID INSTRUCTION *************
at 3160 ns(2), Instance /cpu_tb/cpu/dp/REGS/ : Warning: CONV_INTEGER: There is an 'U'|'X'|'W'|'Z'|'-' in an arithmetic operand, and it has been converted to 0.
at 3160 ns(3), Instance /cpu_tb/cpu/dp/REGS/ : Warning: CONV_INTEGER: There is an 'U'|'X'|'W'|'Z'|'-' in an arithmetic operand, and it has been converted to 0.
at 3160 ns(4): Error: ******************* INVALID INSTRUCTION *************
at 3260 ns(2), Instance /cpu_tb/cpu/dp/REGS/ : Warning: CONV_INTEGER: There is an 'U'|'X'|'W'|'Z'|'-' in an arithmetic operand, and it has been converted to 0.
at 3260 ns(3), Instance /cpu_tb/cpu/dp/REGS/ : Warning: CONV_INTEGER: There is an 'U'|'X'|'W'|'Z'|'-' in an arithmetic operand, and it has been converted to 0.
at 3260 ns(4): Error: ******************* INVALID INSTRUCTION *************
at 3360 ns(2), Instance /cpu_tb/cpu/dp/REGS/ : Warning: CONV_INTEGER: There is an 'U'|'X'|'W'|'Z'|'-' in an arithmetic operand, and it has been converted to 0.
at 3360 ns(3), Instance /cpu_tb/cpu/dp/REGS/ : Warning: CONV_INTEGER: There is an 'U'|'X'|'W'|'Z'|'-' in an arithmetic operand, and it has been converted to 0.
at 3360 ns(4): Error: ******************* INVALID INSTRUCTION *************
at 3460 ns(2), Instance /cpu_tb/cpu/dp/REGS/ : Warning: CONV_INTEGER: There is an 'U'|'X'|'W'|'Z'|'-' in an arithmetic operand, and it has been converted to 0.
at 3460 ns(3), Instance /cpu_tb/cpu/dp/REGS/ : Warning: CONV_INTEGER: There is an 'U'|'X'|'W'|'Z'|'-' in an arithmetic operand, and it has been converted to 0.
at 3460 ns(4): Error: ******************* INVALID INSTRUCTION *************
at 3560 ns(2), Instance /cpu_tb/cpu/dp/REGS/ : Warning: CONV_INTEGER: There is an 'U'|'X'|'W'|'Z'|'-' in an arithmetic operand, and it has been converted to 0.
at 3560 ns(3), Instance /cpu_tb/cpu/dp/REGS/ : Warning: CONV_INTEGER: There is an 'U'|'X'|'W'|'Z'|'-' in an arithmetic operand, and it has been converted to 0.
at 3560 ns(4): Error: ******************* INVALID INSTRUCTION *************
at 3660 ns(2), Instance /cpu_tb/cpu/dp/REGS/ : Warning: CONV_INTEGER: There is an 'U'|'X'|'W'|'Z'|'-' in an arithmetic operand, and it has been converted to 0.
at 3660 ns(3), Instance /cpu_tb/cpu/dp/REGS/ : Warning: CONV_INTEGER: There is an 'U'|'X'|'W'|'Z'|'-' in an arithmetic operand, and it has been converted to 0.
at 3660 ns(4): Error: ******************* INVALID INSTRUCTION *************
at 3760 ns(2), Instance /cpu_tb/cpu/dp/REGS/ : Warning: CONV_INTEGER: There is an 'U'|'X'|'W'|'Z'|'-' in an arithmetic operand, and it has been converted to 0.
at 3760 ns(3), Instance /cpu_tb/cpu/dp/REGS/ : Warning: CONV_INTEGER: There is an 'U'|'X'|'W'|'Z'|'-' in an arithmetic operand, and it has been converted to 0.
at 3760 ns(4): Error: ******************* INVALID INSTRUCTION *************
at 3860 ns(2), Instance /cpu_tb/cpu/dp/REGS/ : Warning: CONV_INTEGER: There is an 'U'|'X'|'W'|'Z'|'-' in an arithmetic operand, and it has been converted to 0.
at 3860 ns(3), Instance /cpu_tb/cpu/dp/REGS/ : Warning: CONV_INTEGER: There is an 'U'|'X'|'W'|'Z'|'-' in an arithmetic operand, and it has been converted to 0.
at 3860 ns(4): Error: ******************* INVALID INSTRUCTION *************
at 3960 ns(2), Instance /cpu_tb/cpu/dp/REGS/ : Warning: CONV_INTEGER: There is an 'U'|'X'|'W'|'Z'|'-' in an arithmetic operand, and it has been converted to 0.
at 3960 ns(3), Instance /cpu_tb/cpu/dp/REGS/ : Warning: CONV_INTEGER: There is an 'U'|'X'|'W'|'Z'|'-' in an arithmetic operand, and it has been converted to 0.
at 3960 ns(4): Error: ******************* INVALID INSTRUCTION *************
